0 info it worked if it ends with ok
1 verbose cli [ '/Users/albertcarrete/.nvm/v0.10.35/bin/node',
1 verbose cli   '/Users/albertcarrete/.nvm/v0.10.35/bin/npm',
1 verbose cli   'publish' ]
2 info using npm@1.4.28
3 info using node@v0.10.35
4 verbose publish [ '.' ]
5 verbose cache add [ '.', null ]
6 verbose cache add name=undefined spec="." args=[".",null]
7 verbose parsed url { protocol: null,
7 verbose parsed url   slashes: null,
7 verbose parsed url   auth: null,
7 verbose parsed url   host: null,
7 verbose parsed url   port: null,
7 verbose parsed url   hostname: null,
7 verbose parsed url   hash: null,
7 verbose parsed url   search: null,
7 verbose parsed url   query: null,
7 verbose parsed url   pathname: '.',
7 verbose parsed url   path: '.',
7 verbose parsed url   href: '.' }
8 silly lockFile 3a52ce78- .
9 verbose lock . /Users/albertcarrete/.npm/3a52ce78-.lock
10 verbose tar pack [ '/Users/albertcarrete/.npm/censorify/0.1.1/package.tgz', '.' ]
11 verbose tarball /Users/albertcarrete/.npm/censorify/0.1.1/package.tgz
12 verbose folder .
13 info prepublish censorify@0.1.1
14 silly lockFile 1f1177db-tar tar://.
15 verbose lock tar://. /Users/albertcarrete/.npm/1f1177db-tar.lock
16 silly lockFile 5d6b5fe1--npm-censorify-0-1-1-package-tgz tar:///Users/albertcarrete/.npm/censorify/0.1.1/package.tgz
17 verbose lock tar:///Users/albertcarrete/.npm/censorify/0.1.1/package.tgz /Users/albertcarrete/.npm/5d6b5fe1--npm-censorify-0-1-1-package-tgz.lock
18 silly lockFile 1f1177db-tar tar://.
19 silly lockFile 1f1177db-tar tar://.
20 silly lockFile 5d6b5fe1--npm-censorify-0-1-1-package-tgz tar:///Users/albertcarrete/.npm/censorify/0.1.1/package.tgz
21 silly lockFile 5d6b5fe1--npm-censorify-0-1-1-package-tgz tar:///Users/albertcarrete/.npm/censorify/0.1.1/package.tgz
22 silly lockFile 1db55f9c-rete-npm-censorify-0-1-1-package /Users/albertcarrete/.npm/censorify/0.1.1/package
23 verbose lock /Users/albertcarrete/.npm/censorify/0.1.1/package /Users/albertcarrete/.npm/1db55f9c-rete-npm-censorify-0-1-1-package.lock
24 silly lockFile 1db55f9c-rete-npm-censorify-0-1-1-package /Users/albertcarrete/.npm/censorify/0.1.1/package
25 silly lockFile 1db55f9c-rete-npm-censorify-0-1-1-package /Users/albertcarrete/.npm/censorify/0.1.1/package
26 silly lockFile 3a52ce78- .
27 silly lockFile 3a52ce78- .
28 silly publish { author: { name: 'Albert Carrete' },
28 silly publish   name: 'censorify',
28 silly publish   version: '0.1.1',
28 silly publish   description: 'Censors words out of text',
28 silly publish   main: 'censortext',
28 silly publish   repository:
28 silly publish    { type: 'git',
28 silly publish      url: 'https://github.com/albertcarrete/NodeBook/tree/master/ch03/censorify' },
28 silly publish   dependencies: {},
28 silly publish   engines: { node: '*' },
28 silly publish   readme: 'ERROR: No README data found!',
28 silly publish   readmeFilename: 'README.md',
28 silly publish   _id: 'censorify@0.1.1',
28 silly publish   scripts: {},
28 silly publish   _shasum: '96921a168ae3bb5f7d6d4f88ff8cb31d5041b477',
28 silly publish   _from: '.' }
29 verbose request where is /censorify
30 verbose request registry https://registry.npmjs.org/
31 verbose request id 91821cacd4e869f9
32 verbose url raw /censorify
33 verbose url resolving [ 'https://registry.npmjs.org/', './censorify' ]
34 verbose url resolved https://registry.npmjs.org/censorify
35 verbose request where is https://registry.npmjs.org/censorify
36 info trying registry request attempt 1 at 18:15:57
37 http PUT https://registry.npmjs.org/censorify
38 http 403 https://registry.npmjs.org/censorify
39 verbose headers { date: 'Fri, 09 Jan 2015 02:15:57 GMT',
39 verbose headers   server: 'CouchDB/1.5.0 (Erlang OTP/R16B03)',
39 verbose headers   'content-type': 'application/json',
39 verbose headers   'cache-control': 'max-age=60',
39 verbose headers   'content-length': '1782',
39 verbose headers   'accept-ranges': 'bytes',
39 verbose headers   via: '1.1 varnish',
39 verbose headers   'x-served-by': 'cache-lax1425-LAX',
39 verbose headers   'x-cache': 'MISS',
39 verbose headers   'x-cache-hits': '0',
39 verbose headers   'x-timer': 'S1420769757.837576,VS0,VE47',
39 verbose headers   'keep-alive': 'timeout=10, max=50',
39 verbose headers   connection: 'Keep-Alive' }
40 error publish Failed PUT 403
41 error Error: forbidden cannot modify pre-existing version: 0.1.1
41 error old={"author":{"name":"Brad Dayley"},"name":"censorify","version":"0.1.1","description":"Censors words out of text","main":"censortext","repository":{"type":"git","url":"https://github.com/sisingh/nodebook-ch03-censorify"},"keywords":["censor","words"],"dependencies":{},"engines":{"node":"*"},"bugs":{"url":"https://github.com/sisingh/nodebook-ch03-censorify/issues"},"homepage":"https://github.com/sisingh/nodebook-ch03-censorify","_id":"censorify@0.1.1","dist":{"shasum":"359a8af77858685bf2926c93ec3fb582ae704aa9","tarball":"http://registry.npmjs.org/censorify/-/censorify-0.1.1.tgz"},"_from":".","_npmVersion":"1.3.21","_npmUser":{"name":"sisingh","email":"singh_siddhu@yahoo.com"},"maintainers":[{"name":"sisingh","email":"singh_siddhu@yahoo.com"}]}
41 error new={"author":{"name":"Albert Carrete"},"name":"censorify","version":"0.1.1","description":"Censors words out of text","main":"censortext","repository":{"type":"git","url":"https://github.com/albertcarrete/NodeBook/tree/master/ch03/censorify"},"dependencies":{},"engines":{"node":"*"},"readme":"ERROR: No README data found!","readmeFilename":"README.md","_id":"censorify@0.1.1","scripts":{},"_shasum":"96921a168ae3bb5f7d6d4f88ff8cb31d5041b477","_from":".","_npmVersion":"1.4.28","_npmUser":{"name":"albertcarrete","email":"albertcarrete@gmail.com"},"maintainers":[{"name":"albertcarrete","email":"albertcarrete@gmail.com"}],"dist":{"shasum":"96921a168ae3bb5f7d6d4f88ff8cb31d5041b477","tarball":"http://registry.npmjs.org/censorify/-/censorify-0.1.1.tgz"}}: censorify
41 error     at RegClient.<anonymous> (/Users/albertcarrete/.nvm/v0.10.35/lib/node_modules/npm/node_modules/npm-registry-client/lib/request.js:308:14)
41 error     at Request._callback (/Users/albertcarrete/.nvm/v0.10.35/lib/node_modules/npm/node_modules/npm-registry-client/lib/request.js:246:65)
41 error     at Request.self.callback (/Users/albertcarrete/.nvm/v0.10.35/lib/node_modules/npm/node_modules/request/request.js:236:22)
41 error     at Request.emit (events.js:98:17)
41 error     at Request.<anonymous> (/Users/albertcarrete/.nvm/v0.10.35/lib/node_modules/npm/node_modules/request/request.js:1142:14)
41 error     at Request.emit (events.js:117:20)
41 error     at IncomingMessage.<anonymous> (/Users/albertcarrete/.nvm/v0.10.35/lib/node_modules/npm/node_modules/request/request.js:1096:12)
41 error     at IncomingMessage.emit (events.js:117:20)
41 error     at _stream_readable.js:944:16
41 error     at process._tickCallback (node.js:442:13)
42 error If you need help, you may report this *entire* log,
42 error including the npm and node versions, at:
42 error     <http://github.com/npm/npm/issues>
43 error System Darwin 14.0.0
44 error command "/Users/albertcarrete/.nvm/v0.10.35/bin/node" "/Users/albertcarrete/.nvm/v0.10.35/bin/npm" "publish"
45 error cwd /Users/albertcarrete/Code/NodeBook/ch03/censorify
46 error node -v v0.10.35
47 error npm -v 1.4.28
48 verbose exit [ 1, true ]
